<?xml version="1.0" encoding="UTF-8"?>
<!-- Generated by org.testng.reporters.JUnitXMLReporter -->
<testsuite ignored="0" hostname="DESKTOP-3R6COPU" failures="0" tests="4" name="Surefire test" time="31.121" errors="0" timestamp="2025-02-09T20:17:17 CST">
  <testcase classname="automatedProject.tests.ErrorValidationsTest" name="LoginErrorValidation" time="0.521"/>
  <testcase classname="automatedProject.tests.SubmitOrderTest" name="submitOrder" time="3.776"/>
  <testcase classname="automatedProject.tests.SubmitOrderTest" name="submitOrder" time="3.817"/>
  <testcase classname="automatedProject.tests.SubmitOrderTest" name="OrderHistoryTest" time="0.916"/>
</testsuite> <!-- Surefire test -->
