<?xml version="1.0" encoding="UTF-8"?>
<testng-results ignored="0" total="4" passed="4" failed="0" skipped="0">
  <reporter-output>
  </reporter-output>
  <suite started-at="2025-02-09T20:16:46 CST" name="Surefire suite" finished-at="2025-02-09T20:17:17 CST" duration-ms="31121">
    <groups>
      <group name="ErrorHandling">
        <method signature="ErrorValidationsTest.LoginErrorValidation()[pri:0, instance:automatedProject.tests.ErrorValidationsTest@1d119efb]" name="LoginErrorValidation" class="automatedProject.tests.ErrorValidationsTest"/>
      </group> <!-- ErrorHandling -->
      <group name="Purchase">
        <method signature="SubmitOrderTest.submitOrder(java.util.HashMap)[pri:0, instance:automatedProject.tests.SubmitOrderTest@2473d930]" name="submitOrder" class="automatedProject.tests.SubmitOrderTest"/>
      </group> <!-- Purchase -->
    </groups>
    <test started-at="2025-02-09T20:16:46 CST" name="Surefire test" finished-at="2025-02-09T20:17:17 CST" duration-ms="31121">
      <class name="automatedProject.tests.SubmitOrderTest">
        <test-method is-config="true" signature="launchApplication()[pri:0, instance:automatedProject.tests.SubmitOrderTest@2473d930]" started-at="2025-02-09T20:16:53 CST" name="launchApplication" finished-at="2025-02-09T20:16:58 CST" duration-ms="5483" status="PASS">
          <reporter-output>
          </reporter-output>
        </test-method> <!-- launchApplication -->
        <test-method signature="submitOrder(java.util.HashMap)[pri:0, instance:automatedProject.tests.SubmitOrderTest@2473d930]" started-at="2025-02-09T20:16:58 CST" name="submitOrder" data-provider="getData" finished-at="2025-02-09T20:17:02 CST" duration-ms="3776" status="PASS">
          <params>
            <param index="0">
              <value>
                <![CDATA[{password=Derbys05, product=ZARA, email=dagoscr@gmail.com}]]>
              </value>
            </param>
          </params>
          <reporter-output>
          </reporter-output>
        </test-method> <!-- submitOrder -->
        <test-method is-config="true" signature="tearDown()[pri:0, instance:automatedProject.tests.SubmitOrderTest@2473d930]" started-at="2025-02-09T20:17:02 CST" name="tearDown" finished-at="2025-02-09T20:17:02 CST" duration-ms="83" status="PASS">
          <reporter-output>
          </reporter-output>
        </test-method> <!-- tearDown -->
        <test-method is-config="true" signature="launchApplication()[pri:0, instance:automatedProject.tests.SubmitOrderTest@2473d930]" started-at="2025-02-09T20:17:02 CST" name="launchApplication" finished-at="2025-02-09T20:17:08 CST" duration-ms="5316" status="PASS">
          <reporter-output>
          </reporter-output>
        </test-method> <!-- launchApplication -->
        <test-method signature="submitOrder(java.util.HashMap)[pri:0, instance:automatedProject.tests.SubmitOrderTest@2473d930]" started-at="2025-02-09T20:17:08 CST" name="submitOrder" data-provider="getData" finished-at="2025-02-09T20:17:11 CST" duration-ms="3817" status="PASS">
          <params>
            <param index="0">
              <value>
                <![CDATA[{password=Derbys05, product=ADIDAS, email=dago@gmail.com}]]>
              </value>
            </param>
          </params>
          <reporter-output>
          </reporter-output>
        </test-method> <!-- submitOrder -->
        <test-method is-config="true" signature="tearDown()[pri:0, instance:automatedProject.tests.SubmitOrderTest@2473d930]" started-at="2025-02-09T20:17:11 CST" name="tearDown" finished-at="2025-02-09T20:17:11 CST" duration-ms="78" status="PASS">
          <reporter-output>
          </reporter-output>
        </test-method> <!-- tearDown -->
        <test-method is-config="true" signature="launchApplication()[pri:0, instance:automatedProject.tests.SubmitOrderTest@2473d930]" started-at="2025-02-09T20:17:12 CST" name="launchApplication" finished-at="2025-02-09T20:17:16 CST" duration-ms="4904" status="PASS">
          <reporter-output>
          </reporter-output>
        </test-method> <!-- launchApplication -->
        <test-method signature="OrderHistoryTest()[pri:0, instance:automatedProject.tests.SubmitOrderTest@2473d930]" started-at="2025-02-09T20:17:16 CST" name="OrderHistoryTest" finished-at="2025-02-09T20:17:17 CST" depends-on-methods="automatedProject.tests.SubmitOrderTest.submitOrder" duration-ms="916" status="PASS">
          <reporter-output>
          </reporter-output>
        </test-method> <!-- OrderHistoryTest -->
        <test-method is-config="true" signature="tearDown()[pri:0, instance:automatedProject.tests.SubmitOrderTest@2473d930]" started-at="2025-02-09T20:17:17 CST" name="tearDown" finished-at="2025-02-09T20:17:17 CST" duration-ms="79" status="PASS">
          <reporter-output>
          </reporter-output>
        </test-method> <!-- tearDown -->
      </class> <!-- automatedProject.tests.SubmitOrderTest -->
      <class name="automatedProject.tests.ErrorValidationsTest">
        <test-method is-config="true" signature="launchApplication()[pri:0, instance:automatedProject.tests.ErrorValidationsTest@1d119efb]" started-at="2025-02-09T20:16:46 CST" name="launchApplication" finished-at="2025-02-09T20:16:52 CST" duration-ms="5881" status="PASS">
          <reporter-output>
          </reporter-output>
        </test-method> <!-- launchApplication -->
        <test-method signature="LoginErrorValidation()[pri:0, instance:automatedProject.tests.ErrorValidationsTest@1d119efb]" started-at="2025-02-09T20:16:52 CST" name="LoginErrorValidation" finished-at="2025-02-09T20:16:53 CST" duration-ms="521" status="PASS">
          <reporter-output>
          </reporter-output>
        </test-method> <!-- LoginErrorValidation -->
        <test-method is-config="true" signature="tearDown()[pri:0, instance:automatedProject.tests.ErrorValidationsTest@1d119efb]" started-at="2025-02-09T20:16:53 CST" name="tearDown" finished-at="2025-02-09T20:16:53 CST" duration-ms="92" status="PASS">
          <reporter-output>
          </reporter-output>
        </test-method> <!-- tearDown -->
      </class> <!-- automatedProject.tests.ErrorValidationsTest -->
    </test> <!-- Surefire test -->
  </suite> <!-- Surefire suite -->
</testng-results>
